<?xml version="1.0" encoding="UTF-8"?>
<robot generator="Robot 6.0.1 (Python 3.10.6 on win32)" generated="20230225 18:52:47.962" rpa="false" schemaversion="3">
<suite id="s1" name="Test" source="c:\DANI\Certi\testSwagLabs\tests\test.robot">
<kw name="abrir navegador e efetuar login" library="resource" type="SETUP">
<arg>${login}</arg>
<arg>${password}</arg>
<kw name="Open Browser" library="Selenium2Library">
<arg>browser=chrome</arg>
<doc>Opens a new browser instance to the optional ``url``.</doc>
<msg timestamp="20230225 18:52:50.689" level="INFO">Opening browser 'chrome' to base url 'None'.</msg>
<status status="PASS" starttime="20230225 18:52:50.688" endtime="20230225 18:52:53.232"/>
</kw>
<kw name="Maximize Browser Window" library="Selenium2Library">
<doc>Maximizes current browser window.</doc>
<status status="PASS" starttime="20230225 18:52:53.233" endtime="20230225 18:52:53.379"/>
</kw>
<kw name="Go To" library="Selenium2Library">
<arg>${url}</arg>
<doc>Navigates the current browser window to the provided ``url``.</doc>
<msg timestamp="20230225 18:52:53.380" level="INFO">Opening url 'https://www.saucedemo.com/'</msg>
<status status="PASS" starttime="20230225 18:52:53.380" endtime="20230225 18:52:54.530"/>
</kw>
<kw name="Wait Until Element Contains" library="Selenium2Library">
<arg>//h4[contains(.,'Password for all users:')]</arg>
<arg>Password for all users:</arg>
<doc>Waits until the element ``locator`` contains ``text``.</doc>
<status status="PASS" starttime="20230225 18:52:54.530" endtime="20230225 18:52:54.553"/>
</kw>
<kw name="Input Text" library="Selenium2Library">
<arg>user-name</arg>
<arg>${login}</arg>
<doc>Types the given ``text`` into the text field identified by ``locator``.</doc>
<msg timestamp="20230225 18:52:54.555" level="INFO">Typing text 'standard_user' into text field 'user-name'.</msg>
<status status="PASS" starttime="20230225 18:52:54.554" endtime="20230225 18:52:54.642"/>
</kw>
<kw name="Input Password" library="Selenium2Library">
<arg>password</arg>
<arg>${password}</arg>
<doc>Types the given password into the text field identified by ``locator``.</doc>
<msg timestamp="20230225 18:52:54.643" level="INFO">Typing password into text field 'password'.</msg>
<msg timestamp="20230225 18:52:54.681" level="INFO">Temporally setting log level to: NONE</msg>
<msg timestamp="20230225 18:52:54.729" level="INFO">Log level changed from NONE to INFO.</msg>
<status status="PASS" starttime="20230225 18:52:54.643" endtime="20230225 18:52:54.729"/>
</kw>
<kw name="Click Button" library="Selenium2Library">
<arg>login-button</arg>
<doc>Clicks the button identified by ``locator``.</doc>
<msg timestamp="20230225 18:52:54.730" level="INFO">Clicking button 'login-button'.</msg>
<status status="PASS" starttime="20230225 18:52:54.730" endtime="20230225 18:52:54.821"/>
</kw>
<kw name="Wait Until Element Is Visible" library="Selenium2Library">
<arg>(//div[@class='inventory_item_desc'])[1]</arg>
<doc>Waits until the element ``locator`` is visible.</doc>
<status status="PASS" starttime="20230225 18:52:54.822" endtime="20230225 18:52:54.919"/>
</kw>
<kw name="Wait Until Page Contains" library="Selenium2Library">
<arg>${text}</arg>
<doc>Waits until ``text`` appears on the current page.</doc>
<status status="PASS" starttime="20230225 18:52:54.920" endtime="20230225 18:52:54.931"/>
</kw>
<status status="PASS" starttime="20230225 18:52:50.688" endtime="20230225 18:52:54.931"/>
</kw>
<test id="s1-t1" name="Verificar filtro de usuário" line="9">
<kw name="clicar no filtro" library="resource">
<kw name="Click Element" library="Selenium2Library">
<arg>//select[contains(@class,'container')]</arg>
<doc>Click the element identified by ``locator``.</doc>
<msg timestamp="20230225 18:52:54.934" level="INFO">Clicking element '//select[contains(@class,'container')]'.</msg>
<status status="PASS" starttime="20230225 18:52:54.933" endtime="20230225 18:52:55.055"/>
</kw>
<status status="PASS" starttime="20230225 18:52:54.932" endtime="20230225 18:52:55.056"/>
</kw>
<kw name="selecionar o filtro de Z to A" library="resource">
<kw name="Click Element" library="Selenium2Library">
<arg>//option[contains(.,'Name (Z to A)')]</arg>
<doc>Click the element identified by ``locator``.</doc>
<msg timestamp="20230225 18:52:55.061" level="INFO">Clicking element '//option[contains(.,'Name (Z to A)')]'.</msg>
<status status="PASS" starttime="20230225 18:52:55.060" endtime="20230225 18:52:55.217"/>
</kw>
<kw name="Wait Until Element Contains" library="Selenium2Library">
<arg>(//div[@class='inventory_item_desc'])[1]</arg>
<arg>${filterZtoA}</arg>
<doc>Waits until the element ``locator`` contains ``text``.</doc>
<status status="PASS" starttime="20230225 18:52:55.217" endtime="20230225 18:52:55.235"/>
</kw>
<kw name="Sleep" library="BuiltIn">
<arg>2</arg>
<doc>Pauses the test executed for the given time.</doc>
<msg timestamp="20230225 18:52:57.251" level="INFO">Slept 2 seconds</msg>
<status status="PASS" starttime="20230225 18:52:55.235" endtime="20230225 18:52:57.251"/>
</kw>
<status status="PASS" starttime="20230225 18:52:55.058" endtime="20230225 18:52:57.251"/>
</kw>
<kw name="selecionar o filtro de low to high" library="resource">
<kw name="Click Element" library="Selenium2Library">
<arg>//option[contains(.,'Price (low to high)')]</arg>
<doc>Click the element identified by ``locator``.</doc>
<msg timestamp="20230225 18:52:57.255" level="INFO">Clicking element '//option[contains(.,'Price (low to high)')]'.</msg>
<status status="PASS" starttime="20230225 18:52:57.253" endtime="20230225 18:52:57.292"/>
</kw>
<kw name="Wait Until Element Contains" library="Selenium2Library">
<arg>(//div[contains(.,'$7.99')])[11]</arg>
<arg>$7.99</arg>
<doc>Waits until the element ``locator`` contains ``text``.</doc>
<status status="PASS" starttime="20230225 18:52:57.293" endtime="20230225 18:52:57.340"/>
</kw>
<kw name="Sleep" library="BuiltIn">
<arg>2</arg>
<doc>Pauses the test executed for the given time.</doc>
<msg timestamp="20230225 18:52:59.346" level="INFO">Slept 2 seconds</msg>
<status status="PASS" starttime="20230225 18:52:57.341" endtime="20230225 18:52:59.346"/>
</kw>
<status status="PASS" starttime="20230225 18:52:57.253" endtime="20230225 18:52:59.346"/>
</kw>
<kw name="selecionar o filtro de high to low" library="resource">
<kw name="Click Element" library="Selenium2Library">
<arg>//option[contains(.,'Price (high to low)')]</arg>
<doc>Click the element identified by ``locator``.</doc>
<msg timestamp="20230225 18:52:59.348" level="INFO">Clicking element '//option[contains(.,'Price (high to low)')]'.</msg>
<status status="PASS" starttime="20230225 18:52:59.347" endtime="20230225 18:52:59.380"/>
</kw>
<kw name="Wait Until Element Contains" library="Selenium2Library">
<arg>//div[@class='inventory_item_price'][contains(.,'$49.99')]</arg>
<arg>$49.99</arg>
<doc>Waits until the element ``locator`` contains ``text``.</doc>
<status status="PASS" starttime="20230225 18:52:59.381" endtime="20230225 18:52:59.407"/>
</kw>
<kw name="Sleep" library="BuiltIn">
<arg>2</arg>
<doc>Pauses the test executed for the given time.</doc>
<msg timestamp="20230225 18:53:01.418" level="INFO">Slept 2 seconds</msg>
<status status="PASS" starttime="20230225 18:52:59.407" endtime="20230225 18:53:01.418"/>
</kw>
<status status="PASS" starttime="20230225 18:52:59.347" endtime="20230225 18:53:01.418"/>
</kw>
<status status="PASS" starttime="20230225 18:52:54.931" endtime="20230225 18:53:01.419"/>
</test>
<test id="s1-t2" name="Comprar produtos" line="14">
<kw name="clicar no produto Sauce Labs Fleece Jacket" library="resource">
<kw name="Click Button" library="Selenium2Library">
<arg>add-to-cart-sauce-labs-fleece-jacket</arg>
<doc>Clicks the button identified by ``locator``.</doc>
<msg timestamp="20230225 18:53:01.422" level="INFO">Clicking button 'add-to-cart-sauce-labs-fleece-jacket'.</msg>
<status status="PASS" starttime="20230225 18:53:01.422" endtime="20230225 18:53:01.478"/>
</kw>
<status status="PASS" starttime="20230225 18:53:01.421" endtime="20230225 18:53:01.479"/>
</kw>
<kw name="clicar no produto Sauce Labs Onesie" library="resource">
<kw name="Click Button" library="Selenium2Library">
<arg>add-to-cart-sauce-labs-onesie</arg>
<doc>Clicks the button identified by ``locator``.</doc>
<msg timestamp="20230225 18:53:01.481" level="INFO">Clicking button 'add-to-cart-sauce-labs-onesie'.</msg>
<status status="PASS" starttime="20230225 18:53:01.481" endtime="20230225 18:53:01.542"/>
</kw>
<status status="PASS" starttime="20230225 18:53:01.480" endtime="20230225 18:53:01.542"/>
</kw>
<kw name="clicar no produto Sauce Labs Bolt T-Shirt" library="resource">
<kw name="Click Button" library="Selenium2Library">
<arg>add-to-cart-sauce-labs-bolt-t-shirt</arg>
<doc>Clicks the button identified by ``locator``.</doc>
<msg timestamp="20230225 18:53:01.544" level="INFO">Clicking button 'add-to-cart-sauce-labs-bolt-t-shirt'.</msg>
<status status="PASS" starttime="20230225 18:53:01.544" endtime="20230225 18:53:01.607"/>
</kw>
<status status="PASS" starttime="20230225 18:53:01.543" endtime="20230225 18:53:01.607"/>
</kw>
<kw name="clicar no carrinho" library="resource">
<kw name="Click Element" library="Selenium2Library">
<arg>//a[contains(@class,'link')]</arg>
<doc>Click the element identified by ``locator``.</doc>
<msg timestamp="20230225 18:53:01.610" level="INFO">Clicking element '//a[contains(@class,'link')]'.</msg>
<status status="PASS" starttime="20230225 18:53:01.610" endtime="20230225 18:53:01.676"/>
</kw>
<status status="PASS" starttime="20230225 18:53:01.608" endtime="20230225 18:53:01.676"/>
</kw>
<kw name="verificar se o produto está no carrinho" library="resource">
<kw name="Wait Until Element Contains" library="Selenium2Library">
<arg>//div[@class='inventory_item_price'][contains(.,'$49.99')]</arg>
<arg>$49.99</arg>
<doc>Waits until the element ``locator`` contains ``text``.</doc>
<status status="PASS" starttime="20230225 18:53:01.679" endtime="20230225 18:53:01.701"/>
</kw>
<kw name="Wait Until Element Contains" library="Selenium2Library">
<arg>//div[@class='inventory_item_price'][contains(.,'$7.99')]</arg>
<arg>$7.99</arg>
<doc>Waits until the element ``locator`` contains ``text``.</doc>
<status status="PASS" starttime="20230225 18:53:01.702" endtime="20230225 18:53:01.724"/>
</kw>
<kw name="Wait Until Element Contains" library="Selenium2Library">
<arg>//div[@class='inventory_item_price'][contains(.,'$15.99')]</arg>
<arg>$15.99</arg>
<doc>Waits until the element ``locator`` contains ``text``.</doc>
<status status="PASS" starttime="20230225 18:53:01.724" endtime="20230225 18:53:01.743"/>
</kw>
<status status="PASS" starttime="20230225 18:53:01.677" endtime="20230225 18:53:01.743"/>
</kw>
<kw name="clicar em checkout" library="resource">
<kw name="Click Button" library="Selenium2Library">
<arg>checkout</arg>
<doc>Clicks the button identified by ``locator``.</doc>
<msg timestamp="20230225 18:53:01.745" level="INFO">Clicking button 'checkout'.</msg>
<status status="PASS" starttime="20230225 18:53:01.745" endtime="20230225 18:53:01.803"/>
</kw>
<kw name="Wait Until Element Contains" library="Selenium2Library">
<arg>//span[@class='title']</arg>
<arg>CHECKOUT: YOUR INFORMATION</arg>
<doc>Waits until the element ``locator`` contains ``text``.</doc>
<status status="PASS" starttime="20230225 18:53:01.803" endtime="20230225 18:53:01.824"/>
</kw>
<status status="PASS" starttime="20230225 18:53:01.744" endtime="20230225 18:53:01.825"/>
</kw>
<kw name="inserir nome" library="resource">
<kw name="Input Text" library="Selenium2Library">
<arg>first-name</arg>
<arg>Daniella</arg>
<doc>Types the given ``text`` into the text field identified by ``locator``.</doc>
<msg timestamp="20230225 18:53:01.826" level="INFO">Typing text 'Daniella' into text field 'first-name'.</msg>
<status status="PASS" starttime="20230225 18:53:01.826" endtime="20230225 18:53:01.929"/>
</kw>
<status status="PASS" starttime="20230225 18:53:01.825" endtime="20230225 18:53:01.929"/>
</kw>
<kw name="inserir sobrenome" library="resource">
<kw name="Input Text" library="Selenium2Library">
<arg>last-name</arg>
<arg>Perino</arg>
<doc>Types the given ``text`` into the text field identified by ``locator``.</doc>
<msg timestamp="20230225 18:53:01.932" level="INFO">Typing text 'Perino' into text field 'last-name'.</msg>
<status status="PASS" starttime="20230225 18:53:01.930" endtime="20230225 18:53:02.018"/>
</kw>
<status status="PASS" starttime="20230225 18:53:01.930" endtime="20230225 18:53:02.018"/>
</kw>
<kw name="inserir CEP" library="resource">
<kw name="Input Text" library="Selenium2Library">
<arg>postal-code</arg>
<arg>88054600</arg>
<doc>Types the given ``text`` into the text field identified by ``locator``.</doc>
<msg timestamp="20230225 18:53:02.020" level="INFO">Typing text '88054600' into text field 'postal-code'.</msg>
<status status="PASS" starttime="20230225 18:53:02.020" endtime="20230225 18:53:02.108"/>
</kw>
<status status="PASS" starttime="20230225 18:53:02.019" endtime="20230225 18:53:02.108"/>
</kw>
<kw name="clicar em continue" library="resource">
<kw name="Click Button" library="Selenium2Library">
<arg>continue</arg>
<doc>Clicks the button identified by ``locator``.</doc>
<msg timestamp="20230225 18:53:02.110" level="INFO">Clicking button 'continue'.</msg>
<status status="PASS" starttime="20230225 18:53:02.110" endtime="20230225 18:53:02.324"/>
</kw>
<kw name="Wait Until Element Contains" library="Selenium2Library">
<arg>//div[@class='summary_info_label'][contains(.,'Payment Information:')]</arg>
<arg>Payment Information:</arg>
<doc>Waits until the element ``locator`` contains ``text``.</doc>
<status status="PASS" starttime="20230225 18:53:02.325" endtime="20230225 18:53:02.374"/>
</kw>
<status status="PASS" starttime="20230225 18:53:02.109" endtime="20230225 18:53:02.374"/>
</kw>
<kw name="clicar em finish" library="resource">
<kw name="Click Button" library="Selenium2Library">
<arg>finish</arg>
<doc>Clicks the button identified by ``locator``.</doc>
<msg timestamp="20230225 18:53:02.376" level="INFO">Clicking button 'finish'.</msg>
<status status="PASS" starttime="20230225 18:53:02.376" endtime="20230225 18:53:02.439"/>
</kw>
<kw name="Wait Until Element Contains" library="Selenium2Library">
<arg>//h2</arg>
<arg>THANK YOU FOR YOUR ORDER</arg>
<doc>Waits until the element ``locator`` contains ``text``.</doc>
<status status="PASS" starttime="20230225 18:53:02.439" endtime="20230225 18:53:02.470"/>
</kw>
<status status="PASS" starttime="20230225 18:53:02.375" endtime="20230225 18:53:02.470"/>
</kw>
<status status="PASS" starttime="20230225 18:53:01.421" endtime="20230225 18:53:02.471"/>
</test>
<kw name="fechar navegador" library="resource" type="TEARDOWN">
<kw name="Capture Page Screenshot" library="Selenium2Library">
<doc>Takes a screenshot of the current page and embeds it into a log file.</doc>
<msg timestamp="20230225 18:53:02.576" level="INFO" html="true">&lt;/td&gt;&lt;/tr&gt;&lt;tr&gt;&lt;td colspan="3"&gt;&lt;a href="selenium-screenshot-7.png"&gt;&lt;img src="selenium-screenshot-7.png" width="800px"&gt;&lt;/a&gt;</msg>
<status status="PASS" starttime="20230225 18:53:02.473" endtime="20230225 18:53:02.577"/>
</kw>
<kw name="Close Browser" library="Selenium2Library">
<doc>Closes the current browser.</doc>
<status status="PASS" starttime="20230225 18:53:02.577" endtime="20230225 18:53:04.781"/>
</kw>
<status status="PASS" starttime="20230225 18:53:02.473" endtime="20230225 18:53:04.781"/>
</kw>
<doc>Este teste faz login e compras no e-commerce da Swag Labs</doc>
<status status="PASS" starttime="20230225 18:52:47.989" endtime="20230225 18:53:04.781"/>
</suite>
<statistics>
<total>
<stat pass="2" fail="0" skip="0">All Tests</stat>
</total>
<tag>
</tag>
<suite>
<stat pass="2" fail="0" skip="0" id="s1" name="Test">Test</stat>
</suite>
</statistics>
<errors>
</errors>
</robot>
