<?xml version="1.0" encoding="UTF-8"?>
<robot generator="Robot 6.0.1 (Python 3.10.6 on win32)" generated="20230226 09:55:30.185" rpa="false" schemaversion="3">
<suite id="s1" name="Test" source="c:\DANI\Certi\testSwagLabs\tests\test.robot">
<kw name="abrir navegador e efetuar login" library="resource" type="SETUP">
<arg>${login}</arg>
<arg>${password}</arg>
<kw name="Open Browser" library="Selenium2Library">
<arg>browser=chrome</arg>
<doc>Opens a new browser instance to the optional ``url``.</doc>
<msg timestamp="20230226 09:55:30.661" level="INFO">Opening browser 'chrome' to base url 'None'.</msg>
<status status="PASS" starttime="20230226 09:55:30.661" endtime="20230226 09:55:32.494"/>
</kw>
<kw name="Maximize Browser Window" library="Selenium2Library">
<doc>Maximizes current browser window.</doc>
<status status="PASS" starttime="20230226 09:55:32.497" endtime="20230226 09:55:32.733"/>
</kw>
<kw name="Go To" library="Selenium2Library">
<arg>${url}</arg>
<doc>Navigates the current browser window to the provided ``url``.</doc>
<msg timestamp="20230226 09:55:32.734" level="INFO">Opening url 'https://www.saucedemo.com/'</msg>
<status status="PASS" starttime="20230226 09:55:32.734" endtime="20230226 09:55:34.037"/>
</kw>
<kw name="Wait Until Element Contains" library="Selenium2Library">
<arg>//h4[contains(.,'Password for all users:')]</arg>
<arg>Password for all users:</arg>
<doc>Waits until the element ``locator`` contains ``text``.</doc>
<status status="PASS" starttime="20230226 09:55:34.040" endtime="20230226 09:55:34.131"/>
</kw>
<kw name="Input Text" library="Selenium2Library">
<arg>user-name</arg>
<arg>${login}</arg>
<doc>Types the given ``text`` into the text field identified by ``locator``.</doc>
<msg timestamp="20230226 09:55:34.134" level="INFO">Typing text 'standard_user' into text field 'user-name'.</msg>
<status status="PASS" starttime="20230226 09:55:34.132" endtime="20230226 09:55:34.375"/>
</kw>
<kw name="Input Password" library="Selenium2Library">
<arg>password</arg>
<arg>${password}</arg>
<doc>Types the given password into the text field identified by ``locator``.</doc>
<msg timestamp="20230226 09:55:34.378" level="INFO">Typing password into text field 'password'.</msg>
<msg timestamp="20230226 09:55:34.485" level="INFO">Temporally setting log level to: NONE</msg>
<msg timestamp="20230226 09:55:34.629" level="INFO">Log level changed from NONE to INFO.</msg>
<status status="PASS" starttime="20230226 09:55:34.377" endtime="20230226 09:55:34.631"/>
</kw>
<kw name="Click Button" library="Selenium2Library">
<arg>login-button</arg>
<doc>Clicks the button identified by ``locator``.</doc>
<msg timestamp="20230226 09:55:34.632" level="INFO">Clicking button 'login-button'.</msg>
<status status="PASS" starttime="20230226 09:55:34.632" endtime="20230226 09:55:34.820"/>
</kw>
<kw name="Wait Until Element Is Visible" library="Selenium2Library">
<arg>(//div[@class='inventory_item_desc'])[1]</arg>
<doc>Waits until the element ``locator`` is visible.</doc>
<status status="PASS" starttime="20230226 09:55:34.820" endtime="20230226 09:55:34.916"/>
</kw>
<kw name="Wait Until Page Contains" library="Selenium2Library">
<arg>${text}</arg>
<doc>Waits until ``text`` appears on the current page.</doc>
<status status="PASS" starttime="20230226 09:55:34.917" endtime="20230226 09:55:35.160"/>
</kw>
<status status="PASS" starttime="20230226 09:55:30.661" endtime="20230226 09:55:35.161"/>
</kw>
<test id="s1-t1" name="Verificar filtro de usuário" line="9">
<kw name="clicar no filtro" library="resource">
<kw name="Click Element" library="Selenium2Library">
<arg>//select[contains(@class,'container')]</arg>
<doc>Click the element identified by ``locator``.</doc>
<msg timestamp="20230226 09:55:35.167" level="INFO">Clicking element '//select[contains(@class,'container')]'.</msg>
<status status="PASS" starttime="20230226 09:55:35.166" endtime="20230226 09:55:35.248"/>
</kw>
<status status="PASS" starttime="20230226 09:55:35.164" endtime="20230226 09:55:35.248"/>
</kw>
<kw name="selecionar o filtro de Z to A" library="resource">
<kw name="Click Element" library="Selenium2Library">
<arg>//option[contains(.,'Name (Z to A)')]</arg>
<doc>Click the element identified by ``locator``.</doc>
<msg timestamp="20230226 09:55:35.253" level="INFO">Clicking element '//option[contains(.,'Name (Z to A)')]'.</msg>
<status status="PASS" starttime="20230226 09:55:35.251" endtime="20230226 09:55:35.319"/>
</kw>
<kw name="Wait Until Element Contains" library="Selenium2Library">
<arg>(//div[@class='inventory_item_desc'])[1]</arg>
<arg>${filterZtoA}</arg>
<doc>Waits until the element ``locator`` contains ``text``.</doc>
<status status="PASS" starttime="20230226 09:55:35.320" endtime="20230226 09:55:35.347"/>
</kw>
<kw name="Sleep" library="BuiltIn">
<arg>2</arg>
<doc>Pauses the test executed for the given time.</doc>
<msg timestamp="20230226 09:55:37.348" level="INFO">Slept 2 seconds</msg>
<status status="PASS" starttime="20230226 09:55:35.347" endtime="20230226 09:55:37.348"/>
</kw>
<status status="PASS" starttime="20230226 09:55:35.250" endtime="20230226 09:55:37.348"/>
</kw>
<kw name="selecionar o filtro de low to high" library="resource">
<kw name="Click Element" library="Selenium2Library">
<arg>//option[contains(.,'Price (low to high)')]</arg>
<doc>Click the element identified by ``locator``.</doc>
<msg timestamp="20230226 09:55:37.355" level="INFO">Clicking element '//option[contains(.,'Price (low to high)')]'.</msg>
<status status="PASS" starttime="20230226 09:55:37.348" endtime="20230226 09:55:37.458"/>
</kw>
<kw name="Wait Until Element Contains" library="Selenium2Library">
<arg>(//div[contains(.,'$7.99')])[11]</arg>
<arg>$7.99</arg>
<doc>Waits until the element ``locator`` contains ``text``.</doc>
<status status="PASS" starttime="20230226 09:55:37.459" endtime="20230226 09:55:37.503"/>
</kw>
<kw name="Sleep" library="BuiltIn">
<arg>2</arg>
<doc>Pauses the test executed for the given time.</doc>
<msg timestamp="20230226 09:55:39.513" level="INFO">Slept 2 seconds</msg>
<status status="PASS" starttime="20230226 09:55:37.504" endtime="20230226 09:55:39.513"/>
</kw>
<status status="PASS" starttime="20230226 09:55:37.348" endtime="20230226 09:55:39.514"/>
</kw>
<kw name="selecionar o filtro de high to low" library="resource">
<kw name="Click Element" library="Selenium2Library">
<arg>//option[contains(.,'Price (high to low)')]</arg>
<doc>Click the element identified by ``locator``.</doc>
<msg timestamp="20230226 09:55:39.519" level="INFO">Clicking element '//option[contains(.,'Price (high to low)')]'.</msg>
<status status="PASS" starttime="20230226 09:55:39.515" endtime="20230226 09:55:39.633"/>
</kw>
<kw name="Wait Until Element Contains" library="Selenium2Library">
<arg>//div[@class='inventory_item_price'][contains(.,'$49.99')]</arg>
<arg>$49.99</arg>
<doc>Waits until the element ``locator`` contains ``text``.</doc>
<status status="PASS" starttime="20230226 09:55:39.633" endtime="20230226 09:55:39.682"/>
</kw>
<kw name="Sleep" library="BuiltIn">
<arg>2</arg>
<doc>Pauses the test executed for the given time.</doc>
<msg timestamp="20230226 09:55:41.686" level="INFO">Slept 2 seconds</msg>
<status status="PASS" starttime="20230226 09:55:39.683" endtime="20230226 09:55:41.686"/>
</kw>
<status status="PASS" starttime="20230226 09:55:39.515" endtime="20230226 09:55:41.687"/>
</kw>
<status status="PASS" starttime="20230226 09:55:35.161" endtime="20230226 09:55:41.688"/>
</test>
<test id="s1-t2" name="Comprar produtos" line="14">
<kw name="clicar no produto Sauce Labs Fleece Jacket" library="resource">
<kw name="Click Button" library="Selenium2Library">
<arg>add-to-cart-sauce-labs-fleece-jacket</arg>
<doc>Clicks the button identified by ``locator``.</doc>
<msg timestamp="20230226 09:55:41.688" level="INFO">Clicking button 'add-to-cart-sauce-labs-fleece-jacket'.</msg>
<status status="PASS" starttime="20230226 09:55:41.688" endtime="20230226 09:55:41.766"/>
</kw>
<status status="PASS" starttime="20230226 09:55:41.688" endtime="20230226 09:55:41.768"/>
</kw>
<kw name="clicar no produto Sauce Labs Onesie" library="resource">
<kw name="Click Button" library="Selenium2Library">
<arg>add-to-cart-sauce-labs-onesie</arg>
<doc>Clicks the button identified by ``locator``.</doc>
<msg timestamp="20230226 09:55:41.772" level="INFO">Clicking button 'add-to-cart-sauce-labs-onesie'.</msg>
<status status="PASS" starttime="20230226 09:55:41.771" endtime="20230226 09:55:41.846"/>
</kw>
<status status="PASS" starttime="20230226 09:55:41.769" endtime="20230226 09:55:41.846"/>
</kw>
<kw name="clicar no produto Sauce Labs Bolt T-Shirt" library="resource">
<kw name="Click Button" library="Selenium2Library">
<arg>add-to-cart-sauce-labs-bolt-t-shirt</arg>
<doc>Clicks the button identified by ``locator``.</doc>
<msg timestamp="20230226 09:55:41.853" level="INFO">Clicking button 'add-to-cart-sauce-labs-bolt-t-shirt'.</msg>
<status status="PASS" starttime="20230226 09:55:41.851" endtime="20230226 09:55:41.937"/>
</kw>
<status status="PASS" starttime="20230226 09:55:41.849" endtime="20230226 09:55:41.938"/>
</kw>
<kw name="clicar no carrinho" library="resource">
<kw name="Click Element" library="Selenium2Library">
<arg>//a[contains(@class,'link')]</arg>
<doc>Click the element identified by ``locator``.</doc>
<msg timestamp="20230226 09:55:41.942" level="INFO">Clicking element '//a[contains(@class,'link')]'.</msg>
<status status="PASS" starttime="20230226 09:55:41.942" endtime="20230226 09:55:42.024"/>
</kw>
<status status="PASS" starttime="20230226 09:55:41.941" endtime="20230226 09:55:42.026"/>
</kw>
<kw name="verificar se o produto está no carrinho" library="resource">
<kw name="Wait Until Element Contains" library="Selenium2Library">
<arg>//div[@class='inventory_item_price'][contains(.,'$49.99')]</arg>
<arg>$49.99</arg>
<doc>Waits until the element ``locator`` contains ``text``.</doc>
<status status="PASS" starttime="20230226 09:55:42.027" endtime="20230226 09:55:42.064"/>
</kw>
<kw name="Wait Until Element Contains" library="Selenium2Library">
<arg>//div[@class='inventory_item_price'][contains(.,'$7.99')]</arg>
<arg>$7.99</arg>
<doc>Waits until the element ``locator`` contains ``text``.</doc>
<status status="PASS" starttime="20230226 09:55:42.064" endtime="20230226 09:55:42.113"/>
</kw>
<kw name="Wait Until Element Contains" library="Selenium2Library">
<arg>//div[@class='inventory_item_price'][contains(.,'$15.99')]</arg>
<arg>$15.99</arg>
<doc>Waits until the element ``locator`` contains ``text``.</doc>
<status status="PASS" starttime="20230226 09:55:42.113" endtime="20230226 09:55:42.156"/>
</kw>
<status status="PASS" starttime="20230226 09:55:42.026" endtime="20230226 09:55:42.157"/>
</kw>
<kw name="clicar em checkout" library="resource">
<kw name="Click Button" library="Selenium2Library">
<arg>checkout</arg>
<doc>Clicks the button identified by ``locator``.</doc>
<msg timestamp="20230226 09:55:42.157" level="INFO">Clicking button 'checkout'.</msg>
<status status="PASS" starttime="20230226 09:55:42.157" endtime="20230226 09:55:42.253"/>
</kw>
<kw name="Wait Until Element Contains" library="Selenium2Library">
<arg>//span[@class='title']</arg>
<arg>CHECKOUT: YOUR INFORMATION</arg>
<doc>Waits until the element ``locator`` contains ``text``.</doc>
<status status="PASS" starttime="20230226 09:55:42.254" endtime="20230226 09:55:42.280"/>
</kw>
<status status="PASS" starttime="20230226 09:55:42.157" endtime="20230226 09:55:42.280"/>
</kw>
<kw name="inserir nome" library="resource">
<kw name="Input Text" library="Selenium2Library">
<arg>first-name</arg>
<arg>Daniella</arg>
<doc>Types the given ``text`` into the text field identified by ``locator``.</doc>
<msg timestamp="20230226 09:55:42.284" level="INFO">Typing text 'Daniella' into text field 'first-name'.</msg>
<status status="PASS" starttime="20230226 09:55:42.282" endtime="20230226 09:55:42.414"/>
</kw>
<status status="PASS" starttime="20230226 09:55:42.281" endtime="20230226 09:55:42.414"/>
</kw>
<kw name="inserir sobrenome" library="resource">
<kw name="Input Text" library="Selenium2Library">
<arg>last-name</arg>
<arg>Perino</arg>
<doc>Types the given ``text`` into the text field identified by ``locator``.</doc>
<msg timestamp="20230226 09:55:42.417" level="INFO">Typing text 'Perino' into text field 'last-name'.</msg>
<status status="PASS" starttime="20230226 09:55:42.417" endtime="20230226 09:55:42.537"/>
</kw>
<status status="PASS" starttime="20230226 09:55:42.416" endtime="20230226 09:55:42.538"/>
</kw>
<kw name="inserir CEP" library="resource">
<kw name="Input Text" library="Selenium2Library">
<arg>postal-code</arg>
<arg>88054600</arg>
<doc>Types the given ``text`` into the text field identified by ``locator``.</doc>
<msg timestamp="20230226 09:55:42.540" level="INFO">Typing text '88054600' into text field 'postal-code'.</msg>
<status status="PASS" starttime="20230226 09:55:42.539" endtime="20230226 09:55:42.735"/>
</kw>
<status status="PASS" starttime="20230226 09:55:42.539" endtime="20230226 09:55:42.735"/>
</kw>
<kw name="clicar em continue" library="resource">
<kw name="Click Button" library="Selenium2Library">
<arg>continue</arg>
<doc>Clicks the button identified by ``locator``.</doc>
<msg timestamp="20230226 09:55:42.739" level="INFO">Clicking button 'continue'.</msg>
<status status="PASS" starttime="20230226 09:55:42.737" endtime="20230226 09:55:42.923"/>
</kw>
<kw name="Wait Until Element Contains" library="Selenium2Library">
<arg>//div[@class='summary_info_label'][contains(.,'Payment Information:')]</arg>
<arg>Payment Information:</arg>
<doc>Waits until the element ``locator`` contains ``text``.</doc>
<status status="PASS" starttime="20230226 09:55:42.923" endtime="20230226 09:55:42.953"/>
</kw>
<status status="PASS" starttime="20230226 09:55:42.737" endtime="20230226 09:55:42.954"/>
</kw>
<kw name="clicar em finish" library="resource">
<kw name="Click Button" library="Selenium2Library">
<arg>finish</arg>
<doc>Clicks the button identified by ``locator``.</doc>
<msg timestamp="20230226 09:55:42.954" level="INFO">Clicking button 'finish'.</msg>
<status status="PASS" starttime="20230226 09:55:42.954" endtime="20230226 09:55:43.044"/>
</kw>
<kw name="Wait Until Element Contains" library="Selenium2Library">
<arg>//h2</arg>
<arg>THANK YOU FOR YOUR ORDER</arg>
<doc>Waits until the element ``locator`` contains ``text``.</doc>
<status status="PASS" starttime="20230226 09:55:43.044" endtime="20230226 09:55:43.079"/>
</kw>
<status status="PASS" starttime="20230226 09:55:42.954" endtime="20230226 09:55:43.079"/>
</kw>
<status status="PASS" starttime="20230226 09:55:41.688" endtime="20230226 09:55:43.079"/>
</test>
<kw name="fechar navegador" library="resource" type="TEARDOWN">
<kw name="Capture Page Screenshot" library="Selenium2Library">
<doc>Takes a screenshot of the current page and embeds it into a log file.</doc>
<msg timestamp="20230226 09:55:43.199" level="INFO" html="true">&lt;/td&gt;&lt;/tr&gt;&lt;tr&gt;&lt;td colspan="3"&gt;&lt;a href="selenium-screenshot-11.png"&gt;&lt;img src="selenium-screenshot-11.png" width="800px"&gt;&lt;/a&gt;</msg>
<status status="PASS" starttime="20230226 09:55:43.084" endtime="20230226 09:55:43.199"/>
</kw>
<kw name="Close Browser" library="Selenium2Library">
<doc>Closes the current browser.</doc>
<status status="PASS" starttime="20230226 09:55:43.200" endtime="20230226 09:55:45.381"/>
</kw>
<status status="PASS" starttime="20230226 09:55:43.084" endtime="20230226 09:55:45.383"/>
</kw>
<doc>Este teste faz login e compras no e-commerce da Swag Labs</doc>
<status status="PASS" starttime="20230226 09:55:30.191" endtime="20230226 09:55:45.384"/>
</suite>
<statistics>
<total>
<stat pass="2" fail="0" skip="0">All Tests</stat>
</total>
<tag>
</tag>
<suite>
<stat pass="2" fail="0" skip="0" id="s1" name="Test">Test</stat>
</suite>
</statistics>
<errors>
</errors>
</robot>
